# JRE version: Java(TM) SE Runtime Environment (21.0.8+12) (build 21.0.8+12-LTS-250)
# Java VM: Java HotSpot(TM) 64-Bit Server VM (21.0.8+12-LTS-250, mixed mode, sharing, tiered, compressed oops, compressed class ptrs, g1 gc, windows-amd64)
GC Precious Log:
 CardTable entry size: 512
 Card Set container configuration: InlinePtr #cards 5 size 8 Array Of Cards #cards 12 size 40 Howl #buckets 4 coarsen threshold 1843 Howl Bitmap #cards 512 size 80 coarsen threshold 460 Card regions per heap region 1 cards per card region 2048
 CPUs: 12 total, 12 available
 Memory: 32709M
 Large Page Support: Disabled
 NUMA Support: Disabled
 Compressed Oops: Enabled (32-bit)
 Heap Region Size: 1M
 Heap Min Capacity: 8M
 Heap Initial Capacity: 512M
 Heap Max Capacity: 1536M
 Pre-touch: Disabled
 Parallel Workers: 10
 Concurrent Workers: 3
 Concurrent Refinement Workers: 10
 Periodic GC: Disabled
Heap:
 garbage-first heap   total 358400K, used 227145K [0x00000000a0000000, 0x0000000100000000)
  region size 1024K, 48 young (49152K), 11 survivors (11264K)
 Metaspace       used 108579K, committed 111232K, reserved 1179648K
  class space    used 14851K, committed 16128K, reserved 1048576K
GC Heap History (20 events):
Event: 19.963 GC heap before
{Heap before GC invocations=20 (full 0):
 garbage-first heap   total 252928K, used 220448K [0x00000000a0000000, 0x0000000100000000)
  region size 1024K, 121 young (123904K), 17 survivors (17408K)
 Metaspace       used 89843K, committed 92288K, reserved 1179648K
  class space    used 12349K, committed 13568K, reserved 1048576K
}
Event: 19.974 GC heap after
{Heap after GC invocations=21 (full 0):
 garbage-first heap   total 252928K, used 122844K [0x00000000a0000000, 0x0000000100000000)
  region size 1024K, 10 young (10240K), 10 survivors (10240K)
 Metaspace       used 89843K, committed 92288K, reserved 1179648K
  class space    used 12349K, committed 13568K, reserved 1048576K
}
Event: 21.037 GC heap before
{Heap before GC invocations=22 (full 0):
 garbage-first heap   total 252928K, used 231388K [0x00000000a0000000, 0x0000000100000000)
  region size 1024K, 110 young (112640K), 10 survivors (10240K)
 Metaspace       used 95446K, committed 97856K, reserved 1179648K
  class space    used 13038K, committed 14208K, reserved 1048576K
}
Event: 21.044 GC heap after
{Heap after GC invocations=23 (full 0):
 garbage-first heap   total 252928K, used 135338K [0x00000000a0000000, 0x0000000100000000)
  region size 1024K, 9 young (9216K), 9 survivors (9216K)
 Metaspace       used 95446K, committed 97856K, reserved 1179648K
  class space    used 13038K, committed 14208K, reserved 1048576K
}
Event: 22.022 GC heap before
{Heap before GC invocations=23 (full 0):
 garbage-first heap   total 252928K, used 227498K [0x00000000a0000000, 0x0000000100000000)
  region size 1024K, 99 young (101376K), 9 survivors (9216K)
 Metaspace       used 100822K, committed 103296K, reserved 1179648K
  class space    used 13839K, committed 15040K, reserved 1048576K
}
Event: 22.034 GC heap after
{Heap after GC invocations=24 (full 0):
 garbage-first heap   total 252928K, used 138885K [0x00000000a0000000, 0x0000000100000000)
  region size 1024K, 5 young (5120K), 5 survivors (5120K)
 Metaspace       used 100822K, committed 103296K, reserved 1179648K
  class space    used 13839K, committed 15040K, reserved 1048576K
}
Event: 22.586 GC heap before
{Heap before GC invocations=24 (full 0):
 garbage-first heap   total 252928K, used 230021K [0x00000000a0000000, 0x0000000100000000)
  region size 1024K, 95 young (97280K), 5 survivors (5120K)
 Metaspace       used 102259K, committed 104768K, reserved 1179648K
  class space    used 14031K, committed 15232K, reserved 1048576K
}
Event: 22.591 GC heap after
{Heap after GC invocations=25 (full 0):
 garbage-first heap   total 252928K, used 144005K [0x00000000a0000000, 0x0000000100000000)
  region size 1024K, 10 young (10240K), 10 survivors (10240K)
 Metaspace       used 102259K, committed 104768K, reserved 1179648K
  class space    used 14031K, committed 15232K, reserved 1048576K
}
Event: 23.087 GC heap before
{Heap before GC invocations=26 (full 0):
 garbage-first heap   total 260096K, used 227973K [0x00000000a0000000, 0x0000000100000000)
  region size 1024K, 92 young (94208K), 10 survivors (10240K)
 Metaspace       used 102443K, committed 104896K, reserved 1179648K
  class space    used 14051K, committed 15232K, reserved 1048576K
}
Event: 23.096 GC heap after
{Heap after GC invocations=27 (full 0):
 garbage-first heap   total 260096K, used 149390K [0x00000000a0000000, 0x0000000100000000)
  region size 1024K, 11 young (11264K), 11 survivors (11264K)
 Metaspace       used 102443K, committed 104896K, reserved 1179648K
  class space    used 14051K, committed 15232K, reserved 1048576K
}
Event: 23.528 GC heap before
{Heap before GC invocations=27 (full 0):
 garbage-first heap   total 260096K, used 243598K [0x00000000a0000000, 0x0000000100000000)
  region size 1024K, 93 young (95232K), 11 survivors (11264K)
 Metaspace       used 102876K, committed 105344K, reserved 1179648K
  class space    used 14126K, committed 15360K, reserved 1048576K
}
Event: 23.536 GC heap after
{Heap after GC invocations=28 (full 0):
 garbage-first heap   total 265216K, used 163789K [0x00000000a0000000, 0x0000000100000000)
  region size 1024K, 9 young (9216K), 9 survivors (9216K)
 Metaspace       used 102876K, committed 105344K, reserved 1179648K
  class space    used 14126K, committed 15360K, reserved 1048576K
}
Event: 23.549 GC heap before
{Heap before GC invocations=28 (full 0):
 garbage-first heap   total 265216K, used 164813K [0x00000000a0000000, 0x0000000100000000)
  region size 1024K, 11 young (11264K), 9 survivors (9216K)
 Metaspace       used 102930K, committed 105408K, reserved 1179648K
  class space    used 14136K, committed 15360K, reserved 1048576K
}
Event: 23.555 GC heap after
{Heap after GC invocations=29 (full 0):
 garbage-first heap   total 265216K, used 164920K [0x00000000a0000000, 0x0000000100000000)
  region size 1024K, 2 young (2048K), 2 survivors (2048K)
 Metaspace       used 102930K, committed 105408K, reserved 1179648K
  class space    used 14136K, committed 15360K, reserved 1048576K
}
Event: 24.313 GC heap before
{Heap before GC invocations=30 (full 0):
 garbage-first heap   total 295936K, used 250936K [0x00000000a0000000, 0x0000000100000000)
  region size 1024K, 82 young (83968K), 2 survivors (2048K)
 Metaspace       used 107506K, committed 110016K, reserved 1179648K
  class space    used 14725K, committed 15936K, reserved 1048576K
}
Event: 24.317 GC heap after
{Heap after GC invocations=31 (full 0):
 garbage-first heap   total 295936K, used 173537K [0x00000000a0000000, 0x0000000100000000)
  region size 1024K, 6 young (6144K), 6 survivors (6144K)
 Metaspace       used 107506K, committed 110016K, reserved 1179648K
  class space    used 14725K, committed 15936K, reserved 1048576K
}
Event: 24.842 GC heap before
{Heap before GC invocations=31 (full 0):
 garbage-first heap   total 295936K, used 269793K [0x00000000a0000000, 0x0000000100000000)
  region size 1024K, 100 young (102400K), 6 survivors (6144K)
 Metaspace       used 108072K, committed 110720K, reserved 1179648K
  class space    used 14787K, committed 16064K, reserved 1048576K
}
Event: 24.849 GC heap after
{Heap after GC invocations=32 (full 0):
 garbage-first heap   total 295936K, used 179178K [0x00000000a0000000, 0x0000000100000000)
  region size 1024K, 13 young (13312K), 13 survivors (13312K)
 Metaspace       used 108072K, committed 110720K, reserved 1179648K
  class space    used 14787K, committed 16064K, reserved 1048576K
}
Event: 25.510 GC heap before
{Heap before GC invocations=32 (full 0):
 garbage-first heap   total 295936K, used 267242K [0x00000000a0000000, 0x0000000100000000)
  region size 1024K, 99 young (101376K), 13 survivors (13312K)
 Metaspace       used 108527K, committed 111168K, reserved 1179648K
  class space    used 14843K, committed 16128K, reserved 1048576K
}
Event: 25.520 GC heap after
{Heap after GC invocations=33 (full 0):
 garbage-first heap   total 295936K, used 189257K [0x00000000a0000000, 0x0000000100000000)
  region size 1024K, 11 young (11264K), 11 survivors (11264K)
 Metaspace       used 108527K, committed 111168K, reserved 1179648K
  class space    used 14843K, committed 16128K, reserved 1048576K
}

