# JRE version: OpenJDK Runtime Environment Temurin-21.0.10+7 (21.0.10+7) (build 21.0.10+7-LTS)
# Java VM: OpenJDK 64-Bit Server VM Temurin-21.0.10+7 (21.0.10+7-LTS, mixed mode, sharing, tiered, compressed oops, compressed class ptrs, parallel gc, windows-amd64)
GC Precious Log:
 CardTable entry size: 512
 CPUs: 12 total, 12 available
 Memory: 32709M
 Large Page Support: Disabled
 NUMA Support: Disabled
 Compressed Oops: Enabled (32-bit)
 Alignments: Space 512K, Generation 512K, Heap 2M
 Heap Min Capacity: 100M
 Heap Initial Capacity: 100M
 Heap Max Capacity: 2G
 Pre-touch: Disabled
 Parallel Workers: 10
Heap:
 PSYoungGen      total 3584K, used 2355K [0x00000000d5580000, 0x00000000d5a00000, 0x0000000100000000)
  eden space 3072K, 66% used [0x00000000d5580000,0x00000000d577cd70,0x00000000d5880000)
  from space 512K, 62% used [0x00000000d5980000,0x00000000d59d0000,0x00000000d5a00000)
  to   space 512K, 0% used [0x00000000d5900000,0x00000000d5900000,0x00000000d5980000)
 ParOldGen       total 231424K, used 206166K [0x0000000080000000, 0x000000008e200000, 0x00000000d5580000)
  object space 231424K, 89% used [0x0000000080000000,0x000000008c955af8,0x000000008e200000)
 Metaspace       used 74842K, committed 76352K, reserved 1179648K
  class space    used 9259K, committed 9920K, reserved 1048576K
GC Heap History (20 events):
Event: 51.881 GC heap after
{Heap after GC invocations=1265 (full 4):
 PSYoungGen      total 2560K, used 288K [0x00000000d5580000, 0x00000000d5900000, 0x0000000100000000)
  eden space 2048K, 0% used [0x00000000d5580000,0x00000000d5580000,0x00000000d5780000)
  from space 512K, 56% used [0x00000000d5800000,0x00000000d5848000,0x00000000d5880000)
  to   space 512K, 0% used [0x00000000d5880000,0x00000000d5880000,0x00000000d5900000)
 ParOldGen       total 238080K, used 238005K [0x0000000080000000, 0x000000008e880000, 0x00000000d5580000)
  object space 238080K, 99% used [0x0000000080000000,0x000000008e86d438,0x000000008e880000)
 Metaspace       used 74198K, committed 75712K, reserved 1179648K
  class space    used 9194K, committed 9856K, reserved 1048576K
}
Event: 51.896 GC heap before
{Heap before GC invocations=1266 (full 4):
 PSYoungGen      total 2560K, used 2336K [0x00000000d5580000, 0x00000000d5900000, 0x0000000100000000)
  eden space 2048K, 100% used [0x00000000d5580000,0x00000000d5780000,0x00000000d5780000)
  from space 512K, 56% used [0x00000000d5800000,0x00000000d5848000,0x00000000d5880000)
  to   space 512K, 0% used [0x00000000d5880000,0x00000000d5880000,0x00000000d5900000)
 ParOldGen       total 238080K, used 238005K [0x0000000080000000, 0x000000008e880000, 0x00000000d5580000)
  object space 238080K, 99% used [0x0000000080000000,0x000000008e86d438,0x000000008e880000)
 Metaspace       used 74225K, committed 75712K, reserved 1179648K
  class space    used 9198K, committed 9856K, reserved 1048576K
}
Event: 51.899 GC heap after
{Heap after GC invocations=1266 (full 4):
 PSYoungGen      total 2560K, used 320K [0x00000000d5580000, 0x00000000d5900000, 0x0000000100000000)
  eden space 2048K, 0% used [0x00000000d5580000,0x00000000d5580000,0x00000000d5780000)
  from space 512K, 62% used [0x00000000d5880000,0x00000000d58d0000,0x00000000d5900000)
  to   space 512K, 0% used [0x00000000d5800000,0x00000000d5800000,0x00000000d5880000)
 ParOldGen       total 238080K, used 238069K [0x0000000080000000, 0x000000008e880000, 0x00000000d5580000)
  object space 238080K, 99% used [0x0000000080000000,0x000000008e87d438,0x000000008e880000)
 Metaspace       used 74225K, committed 75712K, reserved 1179648K
  class space    used 9198K, committed 9856K, reserved 1048576K
}
Event: 51.910 GC heap before
{Heap before GC invocations=1267 (full 4):
 PSYoungGen      total 2560K, used 2368K [0x00000000d5580000, 0x00000000d5900000, 0x0000000100000000)
  eden space 2048K, 100% used [0x00000000d5580000,0x00000000d5780000,0x00000000d5780000)
  from space 512K, 62% used [0x00000000d5880000,0x00000000d58d0000,0x00000000d5900000)
  to   space 512K, 0% used [0x00000000d5800000,0x00000000d5800000,0x00000000d5880000)
 ParOldGen       total 238080K, used 238069K [0x0000000080000000, 0x000000008e880000, 0x00000000d5580000)
  object space 238080K, 99% used [0x0000000080000000,0x000000008e87d438,0x000000008e880000)
 Metaspace       used 74310K, committed 75840K, reserved 1179648K
  class space    used 9204K, committed 9856K, reserved 1048576K
}
Event: 51.911 GC heap after
{Heap after GC invocations=1267 (full 4):
 PSYoungGen      total 2560K, used 284K [0x00000000d5580000, 0x00000000d5900000, 0x0000000100000000)
  eden space 2048K, 0% used [0x00000000d5580000,0x00000000d5580000,0x00000000d5780000)
  from space 512K, 55% used [0x00000000d5800000,0x00000000d5847330,0x00000000d5880000)
  to   space 512K, 0% used [0x00000000d5880000,0x00000000d5880000,0x00000000d5900000)
 ParOldGen       total 238592K, used 238117K [0x0000000080000000, 0x000000008e900000, 0x00000000d5580000)
  object space 238592K, 99% used [0x0000000080000000,0x000000008e889438,0x000000008e900000)
 Metaspace       used 74310K, committed 75840K, reserved 1179648K
  class space    used 9204K, committed 9856K, reserved 1048576K
}
Event: 51.916 GC heap before
{Heap before GC invocations=1268 (full 4):
 PSYoungGen      total 2560K, used 2332K [0x00000000d5580000, 0x00000000d5900000, 0x0000000100000000)
  eden space 2048K, 100% used [0x00000000d5580000,0x00000000d5780000,0x00000000d5780000)
  from space 512K, 55% used [0x00000000d5800000,0x00000000d5847330,0x00000000d5880000)
  to   space 512K, 0% used [0x00000000d5880000,0x00000000d5880000,0x00000000d5900000)
 ParOldGen       total 238592K, used 238117K [0x0000000080000000, 0x000000008e900000, 0x00000000d5580000)
  object space 238592K, 99% used [0x0000000080000000,0x000000008e889438,0x000000008e900000)
 Metaspace       used 74361K, committed 75840K, reserved 1179648K
  class space    used 9209K, committed 9856K, reserved 1048576K
}
Event: 51.917 GC heap after
{Heap after GC invocations=1268 (full 4):
 PSYoungGen      total 2560K, used 487K [0x00000000d5580000, 0x00000000d5980000, 0x0000000100000000)
  eden space 2048K, 0% used [0x00000000d5580000,0x00000000d5580000,0x00000000d5780000)
  from space 512K, 95% used [0x00000000d5880000,0x00000000d58f9ed8,0x00000000d5900000)
  to   space 1024K, 0% used [0x00000000d5780000,0x00000000d5780000,0x00000000d5880000)
 ParOldGen       total 238592K, used 238412K [0x0000000080000000, 0x000000008e900000, 0x00000000d5580000)
  object space 238592K, 99% used [0x0000000080000000,0x000000008e8d3310,0x000000008e900000)
 Metaspace       used 74361K, committed 75840K, reserved 1179648K
  class space    used 9209K, committed 9856K, reserved 1048576K
}
Event: 51.923 GC heap before
{Heap before GC invocations=1269 (full 4):
 PSYoungGen      total 2560K, used 2535K [0x00000000d5580000, 0x00000000d5980000, 0x0000000100000000)
  eden space 2048K, 100% used [0x00000000d5580000,0x00000000d5780000,0x00000000d5780000)
  from space 512K, 95% used [0x00000000d5880000,0x00000000d58f9ed8,0x00000000d5900000)
  to   space 1024K, 0% used [0x00000000d5780000,0x00000000d5780000,0x00000000d5880000)
 ParOldGen       total 238592K, used 238412K [0x0000000080000000, 0x000000008e900000, 0x00000000d5580000)
  object space 238592K, 99% used [0x0000000080000000,0x000000008e8d3328,0x000000008e900000)
 Metaspace       used 74428K, committed 75904K, reserved 1179648K
  class space    used 9213K, committed 9856K, reserved 1048576K
}
Event: 51.925 GC heap after
{Heap after GC invocations=1269 (full 4):
 PSYoungGen      total 3072K, used 1024K [0x00000000d5580000, 0x00000000d5b80000, 0x0000000100000000)
  eden space 2048K, 0% used [0x00000000d5580000,0x00000000d5580000,0x00000000d5780000)
  from space 1024K, 100% used [0x00000000d5780000,0x00000000d5880000,0x00000000d5880000)
  to   space 2048K, 0% used [0x00000000d5980000,0x00000000d5980000,0x00000000d5b80000)
 ParOldGen       total 239104K, used 239012K [0x0000000080000000, 0x000000008e980000, 0x00000000d5580000)
  object space 239104K, 99% used [0x0000000080000000,0x000000008e969210,0x000000008e980000)
 Metaspace       used 74428K, committed 75904K, reserved 1179648K
  class space    used 9213K, committed 9856K, reserved 1048576K
}
Event: 51.931 GC heap before
{Heap before GC invocations=1270 (full 4):
 PSYoungGen      total 3072K, used 3072K [0x00000000d5580000, 0x00000000d5b80000, 0x0000000100000000)
  eden space 2048K, 100% used [0x00000000d5580000,0x00000000d5780000,0x00000000d5780000)
  from space 1024K, 100% used [0x00000000d5780000,0x00000000d5880000,0x00000000d5880000)
  to   space 2048K, 0% used [0x00000000d5980000,0x00000000d5980000,0x00000000d5b80000)
 ParOldGen       total 239104K, used 239014K [0x0000000080000000, 0x000000008e980000, 0x00000000d5580000)
  object space 239104K, 99% used [0x0000000080000000,0x000000008e969ad8,0x000000008e980000)
 Metaspace       used 74447K, committed 75904K, reserved 1179648K
  class space    used 9216K, committed 9856K, reserved 1048576K
}
Event: 51.933 GC heap after
{Heap after GC invocations=1270 (full 4):
 PSYoungGen      total 3584K, used 1280K [0x00000000d5580000, 0x00000000d5b00000, 0x0000000100000000)
  eden space 2048K, 0% used [0x00000000d5580000,0x00000000d5580000,0x00000000d5780000)
  from space 1536K, 83% used [0x00000000d5980000,0x00000000d5ac0000,0x00000000d5b00000)
  to   space 1536K, 0% used [0x00000000d5800000,0x00000000d5800000,0x00000000d5980000)
 ParOldGen       total 240128K, used 239806K [0x0000000080000000, 0x000000008ea80000, 0x00000000d5580000)
  object space 240128K, 99% used [0x0000000080000000,0x000000008ea2fad8,0x000000008ea80000)
 Metaspace       used 74447K, committed 75904K, reserved 1179648K
  class space    used 9216K, committed 9856K, reserved 1048576K
}
Event: 51.938 GC heap before
{Heap before GC invocations=1271 (full 4):
 PSYoungGen      total 3584K, used 3328K [0x00000000d5580000, 0x00000000d5b00000, 0x0000000100000000)
  eden space 2048K, 100% used [0x00000000d5580000,0x00000000d5780000,0x00000000d5780000)
  from space 1536K, 83% used [0x00000000d5980000,0x00000000d5ac0000,0x00000000d5b00000)
  to   space 1536K, 0% used [0x00000000d5800000,0x00000000d5800000,0x00000000d5980000)
 ParOldGen       total 240128K, used 239806K [0x0000000080000000, 0x000000008ea80000, 0x00000000d5580000)
  object space 240128K, 99% used [0x0000000080000000,0x000000008ea2fad8,0x000000008ea80000)
 Metaspace       used 74447K, committed 75904K, reserved 1179648K
  class space    used 9216K, committed 9856K, reserved 1048576K
}
Event: 51.940 GC heap after
{Heap after GC invocations=1271 (full 4):
 PSYoungGen      total 4096K, used 1344K [0x00000000d5580000, 0x00000000d5b00000, 0x0000000100000000)
  eden space 2560K, 0% used [0x00000000d5580000,0x00000000d5580000,0x00000000d5800000)
  from space 1536K, 87% used [0x00000000d5800000,0x00000000d5950000,0x00000000d5980000)
  to   space 1536K, 0% used [0x00000000d5980000,0x00000000d5980000,0x00000000d5b00000)
 ParOldGen       total 241152K, used 240742K [0x0000000080000000, 0x000000008eb80000, 0x00000000d5580000)
  object space 241152K, 99% used [0x0000000080000000,0x000000008eb19ad8,0x000000008eb80000)
 Metaspace       used 74447K, committed 75904K, reserved 1179648K
  class space    used 9216K, committed 9856K, reserved 1048576K
}
Event: 51.949 GC heap before
{Heap before GC invocations=1272 (full 4):
 PSYoungGen      total 4096K, used 3904K [0x00000000d5580000, 0x00000000d5b00000, 0x0000000100000000)
  eden space 2560K, 100% used [0x00000000d5580000,0x00000000d5800000,0x00000000d5800000)
  from space 1536K, 87% used [0x00000000d5800000,0x00000000d5950000,0x00000000d5980000)
  to   space 1536K, 0% used [0x00000000d5980000,0x00000000d5980000,0x00000000d5b00000)
 ParOldGen       total 241152K, used 240742K [0x0000000080000000, 0x000000008eb80000, 0x00000000d5580000)
  object space 241152K, 99% used [0x0000000080000000,0x000000008eb19ad8,0x000000008eb80000)
 Metaspace       used 74480K, committed 75968K, reserved 1179648K
  class space    used 9218K, committed 9856K, reserved 1048576K
}
Event: 51.950 GC heap after
{Heap after GC invocations=1272 (full 4):
 PSYoungGen      total 4096K, used 448K [0x00000000d5580000, 0x00000000d5a80000, 0x0000000100000000)
  eden space 3072K, 0% used [0x00000000d5580000,0x00000000d5580000,0x00000000d5880000)
  from space 1024K, 43% used [0x00000000d5980000,0x00000000d59f0000,0x00000000d5a80000)
  to   space 1024K, 0% used [0x00000000d5880000,0x00000000d5880000,0x00000000d5980000)
 ParOldGen       total 242176K, used 241958K [0x0000000080000000, 0x000000008ec80000, 0x00000000d5580000)
  object space 242176K, 99% used [0x0000000080000000,0x000000008ec49ad8,0x000000008ec80000)
 Metaspace       used 74480K, committed 75968K, reserved 1179648K
  class space    used 9218K, committed 9856K, reserved 1048576K
}
Event: 51.968 GC heap before
{Heap before GC invocations=1273 (full 4):
 PSYoungGen      total 4096K, used 3520K [0x00000000d5580000, 0x00000000d5a80000, 0x0000000100000000)
  eden space 3072K, 100% used [0x00000000d5580000,0x00000000d5880000,0x00000000d5880000)
  from space 1024K, 43% used [0x00000000d5980000,0x00000000d59f0000,0x00000000d5a80000)
  to   space 1024K, 0% used [0x00000000d5880000,0x00000000d5880000,0x00000000d5980000)
 ParOldGen       total 242176K, used 241958K [0x0000000080000000, 0x000000008ec80000, 0x00000000d5580000)
  object space 242176K, 99% used [0x0000000080000000,0x000000008ec49ad8,0x000000008ec80000)
 Metaspace       used 74481K, committed 75968K, reserved 1179648K
  class space    used 9218K, committed 9856K, reserved 1048576K
}
Event: 51.969 GC heap after
{Heap after GC invocations=1273 (full 4):
 PSYoungGen      total 4096K, used 224K [0x00000000d5580000, 0x00000000d5a00000, 0x0000000100000000)
  eden space 3072K, 0% used [0x00000000d5580000,0x00000000d5580000,0x00000000d5880000)
  from space 1024K, 21% used [0x00000000d5880000,0x00000000d58b8000,0x00000000d5980000)
  to   space 512K, 0% used [0x00000000d5980000,0x00000000d5980000,0x00000000d5a00000)
 ParOldGen       total 242176K, used 242126K [0x0000000080000000, 0x000000008ec80000, 0x00000000d5580000)
  object space 242176K, 99% used [0x0000000080000000,0x000000008ec73ad8,0x000000008ec80000)
 Metaspace       used 74481K, committed 75968K, reserved 1179648K
  class space    used 9218K, committed 9856K, reserved 1048576K
}
Event: 52.017 GC heap before
{Heap before GC invocations=1274 (full 4):
 PSYoungGen      total 4096K, used 3259K [0x00000000d5580000, 0x00000000d5a00000, 0x0000000100000000)
  eden space 3072K, 98% used [0x00000000d5580000,0x00000000d5876fa8,0x00000000d5880000)
  from space 1024K, 21% used [0x00000000d5880000,0x00000000d58b8000,0x00000000d5980000)
  to   space 512K, 0% used [0x00000000d5980000,0x00000000d5980000,0x00000000d5a00000)
 ParOldGen       total 242176K, used 242126K [0x0000000080000000, 0x000000008ec80000, 0x00000000d5580000)
  object space 242176K, 99% used [0x0000000080000000,0x000000008ec73ad8,0x000000008ec80000)
 Metaspace       used 74612K, committed 76096K, reserved 1179648K
  class space    used 9235K, committed 9856K, reserved 1048576K
}
Event: 52.018 GC heap after
{Heap after GC invocations=1274 (full 4):
 PSYoungGen      total 3584K, used 410K [0x00000000d5580000, 0x00000000d5a00000, 0x0000000100000000)
  eden space 3072K, 0% used [0x00000000d5580000,0x00000000d5580000,0x00000000d5880000)
  from space 512K, 80% used [0x00000000d5980000,0x00000000d59e6a88,0x00000000d5a00000)
  to   space 512K, 0% used [0x00000000d5900000,0x00000000d5900000,0x00000000d5980000)
 ParOldGen       total 242176K, used 242150K [0x0000000080000000, 0x000000008ec80000, 0x00000000d5580000)
  object space 242176K, 99% used [0x0000000080000000,0x000000008ec79ad8,0x000000008ec80000)
 Metaspace       used 74612K, committed 76096K, reserved 1179648K
  class space    used 9235K, committed 9856K, reserved 1048576K
}
Event: 52.035 GC heap before
{Heap before GC invocations=1275 (full 4):
 PSYoungGen      total 3584K, used 3482K [0x00000000d5580000, 0x00000000d5a00000, 0x0000000100000000)
  eden space 3072K, 99% used [0x00000000d5580000,0x00000000d587fff8,0x00000000d5880000)
  from space 512K, 80% used [0x00000000d5980000,0x00000000d59e6a88,0x00000000d5a00000)
  to   space 512K, 0% used [0x00000000d5900000,0x00000000d5900000,0x00000000d5980000)
 ParOldGen       total 242176K, used 242150K [0x0000000080000000, 0x000000008ec80000, 0x00000000d5580000)
  object space 242176K, 99% used [0x0000000080000000,0x000000008ec79ad8,0x000000008ec80000)
 Metaspace       used 74758K, committed 76288K, reserved 1179648K
  class space    used 9248K, committed 9920K, reserved 1048576K
}

