# JRE version: Java(TM) SE Runtime Environment (21.0.8+12) (build 21.0.8+12-LTS-250)
# Java VM: Java HotSpot(TM) 64-Bit Server VM (21.0.8+12-LTS-250, mixed mode, sharing, tiered, compressed oops, compressed class ptrs, g1 gc, windows-amd64)
GC Precious Log:
 CardTable entry size: 512
 Card Set container configuration: InlinePtr #cards 5 size 8 Array Of Cards #cards 12 size 40 Howl #buckets 4 coarsen threshold 1843 Howl Bitmap #cards 512 size 80 coarsen threshold 460 Card regions per heap region 1 cards per card region 2048
 CPUs: 12 total, 12 available
 Memory: 32709M
 Large Page Support: Disabled
 NUMA Support: Disabled
 Compressed Oops: Enabled (32-bit)
 Heap Region Size: 1M
 Heap Min Capacity: 8M
 Heap Initial Capacity: 512M
 Heap Max Capacity: 1536M
 Pre-touch: Disabled
 Parallel Workers: 10
 Concurrent Workers: 3
 Concurrent Refinement Workers: 10
 Periodic GC: Disabled
Heap:
 garbage-first heap   total 94208K, used 54620K [0x00000000a0000000, 0x0000000100000000)
  region size 1024K, 3 young (3072K), 3 survivors (3072K)
 Metaspace       used 51557K, committed 53312K, reserved 1114112K
  class space    used 7186K, committed 8064K, reserved 1048576K
GC Heap History (20 events):
Event: 4.159 GC heap after
{Heap after GC invocations=5 (full 0):
 garbage-first heap   total 89088K, used 26896K [0x00000000a0000000, 0x0000000100000000)
  region size 1024K, 3 young (3072K), 3 survivors (3072K)
 Metaspace       used 25029K, committed 26048K, reserved 1114112K
  class space    used 3658K, committed 4160K, reserved 1048576K
}
Event: 4.695 GC heap before
{Heap before GC invocations=5 (full 0):
 garbage-first heap   total 89088K, used 74000K [0x00000000a0000000, 0x0000000100000000)
  region size 1024K, 50 young (51200K), 3 survivors (3072K)
 Metaspace       used 30827K, committed 32128K, reserved 1114112K
  class space    used 4561K, committed 5184K, reserved 1048576K
}
Event: 4.699 GC heap after
{Heap after GC invocations=6 (full 0):
 garbage-first heap   total 89088K, used 29642K [0x00000000a0000000, 0x0000000100000000)
  region size 1024K, 5 young (5120K), 5 survivors (5120K)
 Metaspace       used 30827K, committed 32128K, reserved 1114112K
  class space    used 4561K, committed 5184K, reserved 1048576K
}
Event: 5.116 GC heap before
{Heap before GC invocations=6 (full 0):
 garbage-first heap   total 89088K, used 51146K [0x00000000a0000000, 0x0000000100000000)
  region size 1024K, 27 young (27648K), 5 survivors (5120K)
 Metaspace       used 34655K, committed 35968K, reserved 1114112K
  class space    used 5056K, committed 5696K, reserved 1048576K
}
Event: 5.120 GC heap after
{Heap after GC invocations=7 (full 0):
 garbage-first heap   total 89088K, used 32207K [0x00000000a0000000, 0x0000000100000000)
  region size 1024K, 5 young (5120K), 5 survivors (5120K)
 Metaspace       used 34655K, committed 35968K, reserved 1114112K
  class space    used 5056K, committed 5696K, reserved 1048576K
}
Event: 5.711 GC heap before
{Heap before GC invocations=8 (full 0):
 garbage-first heap   total 89088K, used 81359K [0x00000000a0000000, 0x0000000100000000)
  region size 1024K, 49 young (50176K), 5 survivors (5120K)
 Metaspace       used 39600K, committed 40960K, reserved 1114112K
  class space    used 5537K, committed 6208K, reserved 1048576K
}
Event: 5.716 GC heap after
{Heap after GC invocations=9 (full 0):
 garbage-first heap   total 93184K, used 37336K [0x00000000a0000000, 0x0000000100000000)
  region size 1024K, 7 young (7168K), 7 survivors (7168K)
 Metaspace       used 39600K, committed 40960K, reserved 1114112K
  class space    used 5537K, committed 6208K, reserved 1048576K
}
Event: 6.455 GC heap before
{Heap before GC invocations=9 (full 0):
 garbage-first heap   total 93184K, used 79320K [0x00000000a0000000, 0x0000000100000000)
  region size 1024K, 48 young (49152K), 7 survivors (7168K)
 Metaspace       used 43742K, committed 45248K, reserved 1114112K
  class space    used 6171K, committed 6912K, reserved 1048576K
}
Event: 6.460 GC heap after
{Heap after GC invocations=10 (full 0):
 garbage-first heap   total 93184K, used 40562K [0x00000000a0000000, 0x0000000100000000)
  region size 1024K, 5 young (5120K), 5 survivors (5120K)
 Metaspace       used 43742K, committed 45248K, reserved 1114112K
  class space    used 6171K, committed 6912K, reserved 1048576K
}
Event: 7.158 GC heap before
{Heap before GC invocations=10 (full 0):
 garbage-first heap   total 93184K, used 81522K [0x00000000a0000000, 0x0000000100000000)
  region size 1024K, 44 young (45056K), 5 survivors (5120K)
 Metaspace       used 47515K, committed 49280K, reserved 1114112K
  class space    used 6702K, committed 7552K, reserved 1048576K
}
Event: 7.161 GC heap after
{Heap after GC invocations=11 (full 0):
 garbage-first heap   total 93184K, used 43252K [0x00000000a0000000, 0x0000000100000000)
  region size 1024K, 3 young (3072K), 3 survivors (3072K)
 Metaspace       used 47515K, committed 49280K, reserved 1114112K
  class space    used 6702K, committed 7552K, reserved 1048576K
}
Event: 8.107 GC heap before
{Heap before GC invocations=11 (full 0):
 garbage-first heap   total 93184K, used 82164K [0x00000000a0000000, 0x0000000100000000)
  region size 1024K, 41 young (41984K), 3 survivors (3072K)
 Metaspace       used 50482K, committed 52288K, reserved 1114112K
  class space    used 7098K, committed 8000K, reserved 1048576K
}
Event: 8.112 GC heap after
{Heap after GC invocations=12 (full 0):
 garbage-first heap   total 93184K, used 47856K [0x00000000a0000000, 0x0000000100000000)
  region size 1024K, 6 young (6144K), 6 survivors (6144K)
 Metaspace       used 50482K, committed 52288K, reserved 1114112K
  class space    used 7098K, committed 8000K, reserved 1048576K
}
Event: 8.464 GC heap before
{Heap before GC invocations=12 (full 0):
 garbage-first heap   total 93184K, used 79600K [0x00000000a0000000, 0x0000000100000000)
  region size 1024K, 38 young (38912K), 6 survivors (6144K)
 Metaspace       used 51249K, committed 52992K, reserved 1114112K
  class space    used 7184K, committed 8064K, reserved 1048576K
}
Event: 8.471 GC heap after
{Heap after GC invocations=13 (full 0):
 garbage-first heap   total 93184K, used 52196K [0x00000000a0000000, 0x0000000100000000)
  region size 1024K, 5 young (5120K), 5 survivors (5120K)
 Metaspace       used 51249K, committed 52992K, reserved 1114112K
  class space    used 7184K, committed 8064K, reserved 1048576K
}
Event: 8.841 GC heap before
{Heap before GC invocations=14 (full 0):
 garbage-first heap   total 94208K, used 79844K [0x00000000a0000000, 0x0000000100000000)
  region size 1024K, 33 young (33792K), 5 survivors (5120K)
 Metaspace       used 51421K, committed 53184K, reserved 1114112K
  class space    used 7186K, committed 8064K, reserved 1048576K
}
Event: 8.844 GC heap after
{Heap after GC invocations=15 (full 0):
 garbage-first heap   total 94208K, used 53412K [0x00000000a0000000, 0x0000000100000000)
  region size 1024K, 4 young (4096K), 4 survivors (4096K)
 Metaspace       used 51421K, committed 53184K, reserved 1114112K
  class space    used 7186K, committed 8064K, reserved 1048576K
}
Event: 9.045 GC heap before
{Heap before GC invocations=15 (full 0):
 garbage-first heap   total 94208K, used 83108K [0x00000000a0000000, 0x0000000100000000)
  region size 1024K, 33 young (33792K), 4 survivors (4096K)
 Metaspace       used 51496K, committed 53248K, reserved 1114112K
  class space    used 7186K, committed 8064K, reserved 1048576K
}
Event: 9.049 GC heap after
{Heap after GC invocations=16 (full 0):
 garbage-first heap   total 94208K, used 53737K [0x00000000a0000000, 0x0000000100000000)
  region size 1024K, 4 young (4096K), 4 survivors (4096K)
 Metaspace       used 51496K, committed 53248K, reserved 1114112K
  class space    used 7186K, committed 8064K, reserved 1048576K
}
Event: 9.234 GC heap before
{Heap before GC invocations=16 (full 0):
 garbage-first heap   total 94208K, used 81385K [0x00000000a0000000, 0x0000000100000000)
  region size 1024K, 32 young (32768K), 4 survivors (4096K)
 Metaspace       used 51557K, committed 53312K, reserved 1114112K
  class space    used 7186K, committed 8064K, reserved 1048576K
}

